test_absolute (__main__.TestExercice) ... ok
test_factorial (__main__.TestExercice) ... ok
test_prefixes (__main__.TestExercice) ... ok
test_summation (__main__.TestExercice) ... ok
test_verify_ages (__main__.TestExercice) ... FAIL

======================================================================
FAIL: test_verify_ages (__main__.TestExercice)
----------------------------------------------------------------------
Traceback (most recent call last):
  File "test_exercice.py", line 77, in test_verify_ages
    'Mauvaise réponse'
AssertionError: Lists differ: [[18, 24, 22, 50, 70], [70, 50, 26, 28], [[51 chars] 60]] != [False, True, False, False, True, True, True, True, False]

First differing element 0:
[18, 24, 22, 50, 70]
False

Second list contains 4 additional elements.
First extra element 5:
True

+ [False, True, False, False, True, True, True, True, False]
- [[18, 24, 22, 50, 70],
-  [70, 50, 26, 28],
-  [75, 50, 18, 25],
-  [13, 25, 80, 15],
-  [20, 30, 40, 50, 60]] : Mauvaise réponse

----------------------------------------------------------------------
Ran 5 tests in 0.003s

FAILED (failures=1)
